<?xml version="1.0" encoding="utf-8"?><testsuites name="pytest tests"><testsuite name="pytest" errors="0" failures="0" skipped="0" tests="20" time="64.229" timestamp="2026-05-05T08:26:33.036883+00:00" hostname="agent-env-9f1009e3-d1af-4aaa-a74c-a417dd4f0e7e"><testcase classname="test_live_competition.TestAuth" name="test_demo_login" time="0.500" /><testcase classname="test_live_competition.TestAuth" name="test_admin_login" time="0.327" /><testcase classname="test_live_competition.TestRooms" name="test_create_room_returns_code" time="0.102" /><testcase classname="test_live_competition.TestRooms" name="test_get_room" time="0.074" /><testcase classname="test_live_competition.TestRooms" name="test_get_unknown_room" time="0.108" /><testcase classname="test_live_competition.TestMatchmaking" name="test_matchmaking_waiting" time="0.177" /><testcase classname="test_live_competition.TestMatchmaking" name="test_matchmaking_cancel" time="0.094" /><testcase classname="test_live_competition.TestTournaments" name="test_create_tournament_requires_admin" time="0.087" /><testcase classname="test_live_competition.TestTournaments" name="test_admin_create_future_tournament" time="0.088" /><testcase classname="test_live_competition.TestTournaments" name="test_admin_create_imminent_tournament" time="0.102" /><testcase classname="test_live_competition.TestTournaments" name="test_list_tournaments" time="0.095" /><testcase classname="test_live_competition.TestTournaments" name="test_start_tournament_too_early" time="0.079" /><testcase classname="test_live_competition.TestTournaments" name="test_start_tournament_within_window" time="0.088" /><testcase classname="test_live_competition.TestTournaments" name="test_delete_tournament_requires_admin" time="0.074" /><testcase classname="test_live_competition.TestTournaments" name="test_admin_delete_tournament" time="0.179" /><testcase classname="test_live_competition.TestHistory" name="test_live_history_endpoint" time="0.093" /><testcase classname="test_live_competition.TestHistory" name="test_progress_history_subject_breakdown" time="0.091" /><testcase classname="test_live_competition.TestWebSocket" name="test_invalid_token_closes_4401" time="0.510" /><testcase classname="test_live_competition.TestWebSocket" name="test_unknown_room_4404" time="0.428" /><testcase classname="test_live_competition.TestWebSocket" name="test_full_game_flow" time="60.882" /></testsuite></testsuites>