<?xml version="1.0" encoding="utf-8"?><testsuites name="pytest tests"><testsuite name="pytest" errors="0" failures="0" skipped="0" tests="20" time="7.371" timestamp="2026-05-03T03:36:01.359235+00:00" hostname="agent-env-9f1009e3-d1af-4aaa-a74c-a417dd4f0e7e"><testcase classname="tests.test_analytics.TestAuthAndSetup" name="test_admin_login_success" time="0.537" /><testcase classname="tests.test_analytics.TestAuthAndSetup" name="test_demo_user_login_success" time="0.303" /><testcase classname="tests.test_analytics.TestAuthAndSetup" name="test_invalid_login" time="0.121" /><testcase classname="tests.test_analytics.TestAnalyticsSummaryAPI" name="test_summary_returns_200_for_admin" time="0.401" /><testcase classname="tests.test_analytics.TestAnalyticsSummaryAPI" name="test_summary_contains_required_fields" time="0.430" /><testcase classname="tests.test_analytics.TestAnalyticsSummaryAPI" name="test_summary_field_types" time="0.398" /><testcase classname="tests.test_analytics.TestAnalyticsSummaryAPI" name="test_summary_requires_admin_role" time="0.403" /><testcase classname="tests.test_analytics.TestAnalyticsSummaryAPI" name="test_summary_requires_authentication" time="0.085" /><testcase classname="tests.test_analytics.TestAnalyticsDetailedAPI" name="test_detailed_returns_200_for_admin" time="0.418" /><testcase classname="tests.test_analytics.TestAnalyticsDetailedAPI" name="test_detailed_contains_required_fields" time="0.416" /><testcase classname="tests.test_analytics.TestAnalyticsDetailedAPI" name="test_dau_trend_structure" time="0.398" /><testcase classname="tests.test_analytics.TestAnalyticsDetailedAPI" name="test_completion_trend_structure" time="0.448" /><testcase classname="tests.test_analytics.TestAnalyticsDetailedAPI" name="test_score_trend_structure" time="0.411" /><testcase classname="tests.test_analytics.TestAnalyticsDetailedAPI" name="test_retention_structure" time="0.443" /><testcase classname="tests.test_analytics.TestAnalyticsDetailedAPI" name="test_category_performance_structure" time="0.406" /><testcase classname="tests.test_analytics.TestAnalyticsDetailedAPI" name="test_detailed_requires_admin_role" time="0.414" /><testcase classname="tests.test_analytics.TestAnalyticsDetailedAPI" name="test_detailed_requires_authentication" time="0.086" /><testcase classname="tests.test_analytics.TestActivityLogging" name="test_login_logs_activity" time="0.390" /><testcase classname="tests.test_analytics.TestAdminDashboardEndpoints" name="test_admin_quizzes_endpoint" time="0.399" /><testcase classname="tests.test_analytics.TestAdminDashboardEndpoints" name="test_admin_users_endpoint" time="0.392" /></testsuite></testsuites>