<?xml version="1.0" encoding="utf-8"?><testsuites name="pytest tests"><testsuite name="pytest" errors="0" failures="2" skipped="0" tests="27" time="6.406" timestamp="2026-06-17T08:05:27.280241+00:00" hostname="agent-env-9f1009e3-d1af-4aaa-a74c-a417dd4f0e7e"><testcase classname="test_refactor_regression.TestAuth" name="test_login_demo" time="0.569" /><testcase classname="test_refactor_regression.TestAuth" name="test_login_admin_role" time="0.387" /><testcase classname="test_refactor_regression.TestAuth" name="test_login_bad_password" time="0.319" /><testcase classname="test_refactor_regression.TestAuth" name="test_register_new_user" time="0.316" /><testcase classname="test_refactor_regression.TestUserProfile" name="test_get_profile_clean" time="0.094" /><testcase classname="test_refactor_regression.TestUserProfile" name="test_language_toggle" time="0.166" /><testcase classname="test_refactor_regression.TestCatalog" name="test_subjects_16" time="0.154" /><testcase classname="test_refactor_regression.TestCatalog" name="test_levels_5" time="1.181" /><testcase classname="test_refactor_regression.TestCatalog" name="test_level_1_stages" time="0.100" /><testcase classname="test_refactor_regression.TestQuiz" name="test_stage_play_no_leak" time="0.183" /><testcase classname="test_refactor_regression.TestQuiz" name="test_submit_stage" time="0.218" /><testcase classname="test_refactor_regression.TestQuiz" name="test_user_progression" time="0.094" /><testcase classname="test_refactor_regression.TestQuiz" name="test_progress_stats" time="0.077" /><testcase classname="test_refactor_regression.TestQuiz" name="test_progress_history_breakdown" time="0.106" /><testcase classname="test_refactor_regression.TestCommunity" name="test_leaderboard" time="0.077" /><testcase classname="test_refactor_regression.TestCommunity" name="test_welcome_message" time="0.103" /><testcase classname="test_refactor_regression.TestCommunity" name="test_notices" time="0.097" /><testcase classname="test_refactor_regression.TestAdminGuards" name="test_non_admin_403" time="0.397" /><testcase classname="test_refactor_regression.TestAdminQuestions" name="test_question_crud_and_sequence" time="0.341" /><testcase classname="test_refactor_regression.TestAdminQuestions" name="test_bulk_delete_empty_400" time="0.087" /><testcase classname="test_refactor_regression.TestAdminQuestions" name="test_bulk_delete_valid" time="0.275" /><testcase classname="test_refactor_regression.TestAdminQuestions" name="test_bulk_csv_upload_two_options_and_invalid_skip" time="0.243" /><testcase classname="test_refactor_regression.TestAdminNotices" name="test_notice_round_trip" time="0.272" /><testcase classname="test_refactor_regression.TestAdminUsers" name="test_users_list_no_password" time="0.099" /><testcase classname="test_refactor_regression.TestAdminUsers" name="test_user_detail_with_history" time="0.100"><failure message="KeyError: 'username'">test_refactor_regression.py:339: in test_user_detail_with_history
    demo = next(u for u in users if u["username"] == "demo")
           ^^^^^^^^^^^^^^^^^^^^^^^^^^^^^^^^^^^^^^^^^^^^^^^^^
test_refactor_regression.py:339: in &lt;genexpr&gt;
    demo = next(u for u in users if u["username"] == "demo")
                                    ^^^^^^^^^^^^^
E   KeyError: 'username'</failure></testcase><testcase classname="test_refactor_regression.TestAdminReports" name="test_reports" time="0.110" /><testcase classname="test_refactor_regression.TestLiveRegression" name="test_tournament_round_trip" time="0.094"><failure message="AssertionError: {&quot;detail&quot;:[{&quot;type&quot;:&quot;missing&quot;,&quot;loc&quot;:[&quot;body&quot;,&quot;title_en&quot;],&quot;msg&quot;:&quot;Field required&quot;,&quot;input&quot;:{&quot;name&quot;:&quot;TEST_RR Tournament&quot;,&quot;description&quot;:&quot;regression&quot;,&quot;scheduled_start&quot;:1781683713586,&quot;level_num&quot;:1,&quot;stage_num&quot;:1,&quot;subject_id&quot;:&quot;bm&quot;},&quot;url&quot;:&quot;https://errors.pydantic.dev/2.12/v/missing&quot;},{&quot;type&quot;:&quot;missing&quot;,&quot;loc&quot;:[&quot;body&quot;,&quot;title_zh&quot;],&quot;msg&quot;:&quot;Field required&quot;,&quot;input&quot;:{&quot;name&quot;:&quot;TEST_RR Tournament&quot;,&quot;description&quot;:&quot;regression&quot;,&quot;scheduled_start&quot;:1781683713586,&quot;level_num&quot;:1,&quot;stage_num&quot;:1,&quot;subject_id&quot;:&quot;bm&quot;},&quot;url&quot;:&quot;https://errors.pydantic.dev/2.12/v/missing&quot;},{&quot;type&quot;:&quot;missing&quot;,&quot;loc&quot;:[&quot;body&quot;,&quot;scheduled_at&quot;],&quot;msg&quot;:&quot;Field required&quot;,&quot;input&quot;:{&quot;name&quot;:&quot;TEST_RR Tournament&quot;,&quot;description&quot;:&quot;regression&quot;,&quot;scheduled_start&quot;:1781683713586,&quot;level_num&quot;:1,&quot;stage_num&quot;:1,&quot;subject_id&quot;:&quot;bm&quot;},&quot;url&quot;:&quot;https://errors.pydantic.dev/2.12/v/missing&quot;}]}&#10;assert 422 in (200, 201)&#10; +  where 422 = &lt;Response [422]&gt;.status_code">test_refactor_regression.py:371: in test_tournament_round_trip
    assert c.status_code in (200, 201), c.text
E   AssertionError: {"detail":[{"type":"missing","loc":["body","title_en"],"msg":"Field required","input":{"name":"TEST_RR Tournament","description":"regression","scheduled_start":1781683713586,"level_num":1,"stage_num":1,"subject_id":"bm"},"url":"https://errors.pydantic.dev/2.12/v/missing"},{"type":"missing","loc":["body","title_zh"],"msg":"Field required","input":{"name":"TEST_RR Tournament","description":"regression","scheduled_start":1781683713586,"level_num":1,"stage_num":1,"subject_id":"bm"},"url":"https://errors.pydantic.dev/2.12/v/missing"},{"type":"missing","loc":["body","scheduled_at"],"msg":"Field required","input":{"name":"TEST_RR Tournament","description":"regression","scheduled_start":1781683713586,"level_num":1,"stage_num":1,"subject_id":"bm"},"url":"https://errors.pydantic.dev/2.12/v/missing"}]}
E   assert 422 in (200, 201)
E    +  where 422 = &lt;Response [422]&gt;.status_code</failure></testcase></testsuite></testsuites>